ERROR 2025-08-05 17:32:07,825 exception 26640 23676 Invalid HTTP_HOST header: 'testserver'. You may need to add 'testserver' to ALLOWED_HOSTS.
Traceback (most recent call last):
  File "C:\cursor\smart-account\venv\Lib\site-packages\django\core\handlers\exception.py", line 55, in inner
    response = get_response(request)
               ^^^^^^^^^^^^^^^^^^^^^
  File "C:\cursor\smart-account\venv\Lib\site-packages\django\utils\deprecation.py", line 133, in __call__
    response = self.process_request(request)
               ^^^^^^^^^^^^^^^^^^^^^^^^^^^^^
  File "C:\cursor\smart-account\venv\Lib\site-packages\django\middleware\common.py", line 48, in process_request
    host = request.get_host()
           ^^^^^^^^^^^^^^^^^^
  File "C:\cursor\smart-account\venv\Lib\site-packages\django\http\request.py", line 150, in get_host
    raise DisallowedHost(msg)
django.core.exceptions.DisallowedHost: Invalid HTTP_HOST header: 'testserver'. You may need to add 'testserver' to ALLOWED_HOSTS.
WARNING 2025-08-05 17:32:07,998 log 26640 23676 Bad Request: /api/v1/auth/register/
ERROR 2025-08-05 17:40:59,762 exception 1500 45264 Invalid HTTP_HOST header: 'testserver'. You may need to add 'testserver' to ALLOWED_HOSTS.
Traceback (most recent call last):
  File "C:\cursor\smart-account\venv\Lib\site-packages\django\core\handlers\exception.py", line 55, in inner
    response = get_response(request)
               ^^^^^^^^^^^^^^^^^^^^^
  File "C:\cursor\smart-account\venv\Lib\site-packages\django\utils\deprecation.py", line 133, in __call__
    response = self.process_request(request)
               ^^^^^^^^^^^^^^^^^^^^^^^^^^^^^
  File "C:\cursor\smart-account\venv\Lib\site-packages\django\middleware\common.py", line 48, in process_request
    host = request.get_host()
           ^^^^^^^^^^^^^^^^^^
  File "C:\cursor\smart-account\venv\Lib\site-packages\django\http\request.py", line 150, in get_host
    raise DisallowedHost(msg)
django.core.exceptions.DisallowedHost: Invalid HTTP_HOST header: 'testserver'. You may need to add 'testserver' to ALLOWED_HOSTS.
WARNING 2025-08-05 17:40:59,942 log 1500 45264 Bad Request: /api/v1/auth/register/
INFO 2025-08-06 01:35:31,267 autoreload 19252 11392 Watching for file changes with StatReloader
INFO 2025-08-06 01:45:55,859 basehttp 19252 10492 "OPTIONS /api/v1/auth/register/ HTTP/1.1" 200 0
ERROR 2025-08-06 01:45:56,810 log 19252 10492 Internal Server Error: /api/v1/auth/register/
ERROR 2025-08-06 01:45:56,810 basehttp 19252 10492 "POST /api/v1/auth/register/ HTTP/1.1" 500 147
ERROR 2025-08-06 02:47:14,314 log 19252 54444 Internal Server Error: /api/v1/auth/register/
ERROR 2025-08-06 02:47:14,316 basehttp 19252 54444 "POST /api/v1/auth/register/ HTTP/1.1" 500 147
INFO 2025-08-06 02:55:32,125 autoreload 19252 11392 C:\cursor\smart-account\backend\interfaces\api\views.py changed, reloading.
INFO 2025-08-06 02:55:36,028 autoreload 41296 37204 Watching for file changes with StatReloader
INFO 2025-08-06 02:56:47,288 autoreload 41296 37204 C:\cursor\smart-account\backend\interfaces\api\views.py changed, reloading.
INFO 2025-08-06 02:56:50,340 autoreload 19404 26404 Watching for file changes with StatReloader
INFO 2025-08-06 02:58:21,454 autoreload 19404 26404 C:\cursor\smart-account\backend\interfaces\api\views.py changed, reloading.
INFO 2025-08-06 02:58:24,503 autoreload 768 14864 Watching for file changes with StatReloader
INFO 2025-08-06 02:59:21,008 autoreload 768 14864 C:\cursor\smart-account\backend\interfaces\api\views.py changed, reloading.
INFO 2025-08-06 02:59:33,015 autoreload 48108 180 Watching for file changes with StatReloader
ERROR 2025-08-06 03:00:35,306 log 48108 18560 Internal Server Error: /api/v1/auth/register/
ERROR 2025-08-06 03:00:35,309 basehttp 48108 18560 "POST /api/v1/auth/register/ HTTP/1.1" 500 87
INFO 2025-08-06 03:09:18,805 autoreload 48108 180 C:\cursor\smart-account\backend\application\accounts\use_cases.py changed, reloading.
INFO 2025-08-06 03:09:23,662 autoreload 6820 27784 Watching for file changes with StatReloader
INFO 2025-08-06 03:18:07,248 autoreload 40712 34948 Watching for file changes with StatReloader
ERROR 2025-08-06 03:19:32,941 log 40712 36824 Internal Server Error: /api/v1/auth/register/
ERROR 2025-08-06 03:19:32,941 basehttp 40712 36824 "POST /api/v1/auth/register/ HTTP/1.1" 500 120
INFO 2025-08-06 03:23:27,534 autoreload 40712 34948 C:\cursor\smart-account\backend\application\accounts\use_cases.py changed, reloading.
INFO 2025-08-06 03:23:30,658 autoreload 15588 4268 Watching for file changes with StatReloader
INFO 2025-08-06 03:32:55,061 autoreload 18776 24804 Watching for file changes with StatReloader
ERROR 2025-08-06 03:34:38,568 log 18776 29508 Internal Server Error: /api/v1/auth/register/
ERROR 2025-08-06 03:34:38,568 basehttp 18776 29508 "POST /api/v1/auth/register/ HTTP/1.1" 500 97
INFO 2025-08-06 03:38:05,463 autoreload 18776 24804 C:\cursor\smart-account\backend\application\accounts\use_cases.py changed, reloading.
INFO 2025-08-06 03:38:09,625 autoreload 20112 14340 Watching for file changes with StatReloader
INFO 2025-08-06 03:39:13,460 autoreload 16668 54440 Watching for file changes with StatReloader
ERROR 2025-08-06 03:41:19,835 log 16668 15148 Internal Server Error: /api/v1/auth/register/
ERROR 2025-08-06 03:41:19,835 basehttp 16668 15148 "POST /api/v1/auth/register/ HTTP/1.1" 500 98
INFO 2025-08-06 03:45:24,005 autoreload 16668 54440 C:\cursor\smart-account\backend\domain\accounts\services.py changed, reloading.
INFO 2025-08-06 03:45:28,547 autoreload 18304 47172 Watching for file changes with StatReloader
INFO 2025-08-06 03:47:32,691 autoreload 46544 25808 Watching for file changes with StatReloader
INFO 2025-08-06 03:49:27,878 basehttp 46544 8176 "OPTIONS /api/v1/auth/register/ HTTP/1.1" 200 0
ERROR 2025-08-06 03:49:28,995 log 46544 8176 Internal Server Error: /api/v1/auth/register/
ERROR 2025-08-06 03:49:29,004 basehttp 46544 8176 "POST /api/v1/auth/register/ HTTP/1.1" 500 334
INFO 2025-08-06 03:54:34,487 autoreload 46544 25808 C:\cursor\smart-account\backend\domain\accounts\services.py changed, reloading.
INFO 2025-08-06 03:54:37,705 autoreload 33496 29864 Watching for file changes with StatReloader
INFO 2025-08-06 10:56:11,133 autoreload 7020 39024 Watching for file changes with StatReloader
INFO 2025-08-06 10:57:24,855 autoreload 54068 7944 Watching for file changes with StatReloader
INFO 2025-08-06 10:58:55,513 autoreload 9488 23152 Watching for file changes with StatReloader
INFO 2025-08-06 11:00:08,455 basehttp 9488 15772 "OPTIONS /api/v1/auth/register/ HTTP/1.1" 200 0
ERROR 2025-08-06 11:00:09,821 log 9488 15772 Internal Server Error: /api/v1/auth/register/
ERROR 2025-08-06 11:00:09,822 basehttp 9488 15772 "POST /api/v1/auth/register/ HTTP/1.1" 500 122
INFO 2025-08-06 11:05:01,630 autoreload 9488 23152 C:\cursor\smart-account\backend\domain\accounts\entities.py changed, reloading.
INFO 2025-08-06 11:05:04,270 autoreload 53540 6872 Watching for file changes with StatReloader
INFO 2025-08-06 11:10:33,446 autoreload 53540 6872 C:\cursor\smart-account\backend\domain\accounts\entities.py changed, reloading.
INFO 2025-08-06 11:10:35,896 autoreload 31604 36384 Watching for file changes with StatReloader
INFO 2025-08-06 11:12:05,803 autoreload 20668 54776 Watching for file changes with StatReloader
ERROR 2025-08-06 11:13:05,355 log 20668 41108 Internal Server Error: /api/v1/auth/register/
Traceback (most recent call last):
  File "C:\cursor\smart-account\venv\Lib\site-packages\django\core\handlers\exception.py", line 55, in inner
    response = get_response(request)
               ^^^^^^^^^^^^^^^^^^^^^
  File "C:\cursor\smart-account\venv\Lib\site-packages\django\core\handlers\base.py", line 220, in _get_response
    response = response.render()
               ^^^^^^^^^^^^^^^^^
  File "C:\cursor\smart-account\venv\Lib\site-packages\django\template\response.py", line 114, in render
    self.content = self.rendered_content
                   ^^^^^^^^^^^^^^^^^^^^^
  File "C:\cursor\smart-account\venv\Lib\site-packages\rest_framework\response.py", line 70, in rendered_content
    ret = renderer.render(self.data, accepted_media_type, context)
          ^^^^^^^^^^^^^^^^^^^^^^^^^^^^^^^^^^^^^^^^^^^^^^^^^^^^^^^^
  File "C:\cursor\smart-account\venv\Lib\site-packages\rest_framework\renderers.py", line 99, in render
    ret = json.dumps(
          ^^^^^^^^^^^
  File "C:\cursor\smart-account\venv\Lib\site-packages\rest_framework\utils\json.py", line 25, in dumps
    return json.dumps(*args, **kwargs)
           ^^^^^^^^^^^^^^^^^^^^^^^^^^^
  File "C:\Users\me\AppData\Local\Programs\Python\Python311\Lib\json\__init__.py", line 238, in dumps
    **kw).encode(obj)
          ^^^^^^^^^^^
  File "C:\Users\me\AppData\Local\Programs\Python\Python311\Lib\json\encoder.py", line 200, in encode
    chunks = self.iterencode(o, _one_shot=True)
             ^^^^^^^^^^^^^^^^^^^^^^^^^^^^^^^^^^
  File "C:\Users\me\AppData\Local\Programs\Python\Python311\Lib\json\encoder.py", line 258, in iterencode
    return _iterencode(o, 0)
           ^^^^^^^^^^^^^^^^^
  File "C:\cursor\smart-account\venv\Lib\site-packages\rest_framework\utils\encoders.py", line 67, in default
    return super().default(obj)
           ^^^^^^^^^^^^^^^^^^^^
  File "C:\Users\me\AppData\Local\Programs\Python\Python311\Lib\json\encoder.py", line 180, in default
    raise TypeError(f'Object of type {o.__class__.__name__} '
TypeError: Object of type Email is not JSON serializable
ERROR 2025-08-06 11:13:05,438 basehttp 20668 41108 "POST /api/v1/auth/register/ HTTP/1.1" 500 130409
INFO 2025-08-06 11:16:31,578 autoreload 20668 54776 C:\cursor\smart-account\backend\application\accounts\use_cases.py changed, reloading.
INFO 2025-08-06 11:16:33,961 autoreload 23208 25632 Watching for file changes with StatReloader
INFO 2025-08-06 11:49:13,645 basehttp 23208 15904 "OPTIONS /api/v1/auth/login/ HTTP/1.1" 200 0
ERROR 2025-08-06 11:49:13,736 log 23208 15904 Internal Server Error: /api/v1/auth/login/
ERROR 2025-08-06 11:49:13,737 basehttp 23208 15904 "POST /api/v1/auth/login/ HTTP/1.1" 500 133
INFO 2025-08-06 11:59:24,340 autoreload 23208 25632 C:\cursor\smart-account\backend\infrastructure\email\services.py changed, reloading.
INFO 2025-08-06 11:59:28,657 autoreload 32648 42796 Watching for file changes with StatReloader
INFO 2025-08-06 12:04:12,717 autoreload 32648 42796 C:\cursor\smart-account\backend\smart_accounts\settings\development.py changed, reloading.
INFO 2025-08-06 12:04:16,138 autoreload 9380 52112 Watching for file changes with StatReloader
INFO 2025-08-06 12:14:42,459 autoreload 9380 52112 C:\cursor\smart-account\backend\smart_accounts\settings\development.py changed, reloading.
INFO 2025-08-06 12:14:45,123 autoreload 27408 34944 Watching for file changes with StatReloader
INFO 2025-08-06 12:27:44,783 autoreload 18532 28220 Watching for file changes with StatReloader
ERROR 2025-08-06 12:27:51,351 log 18532 15852 Internal Server Error: /api/v1/auth/login/
ERROR 2025-08-06 12:27:51,352 basehttp 18532 15852 "POST /api/v1/auth/login/ HTTP/1.1" 500 133
INFO 2025-08-06 12:34:16,192 autoreload 18532 28220 C:\cursor\smart-account\backend\interfaces\api\views.py changed, reloading.
INFO 2025-08-06 12:34:19,530 autoreload 9068 15128 Watching for file changes with StatReloader
INFO 2025-08-06 12:34:58,832 autoreload 9068 15128 C:\cursor\smart-account\backend\interfaces\api\views.py changed, reloading.
INFO 2025-08-06 12:35:01,593 autoreload 49944 14932 Watching for file changes with StatReloader
INFO 2025-08-06 12:36:56,419 autoreload 34720 30804 Watching for file changes with StatReloader
ERROR 2025-08-06 12:38:01,107 log 34720 49132 Internal Server Error: /api/v1/auth/login/
ERROR 2025-08-06 12:38:01,108 basehttp 34720 49132 "POST /api/v1/auth/login/ HTTP/1.1" 500 93
INFO 2025-08-06 12:40:44,088 autoreload 34720 30804 C:\cursor\smart-account\backend\domain\accounts\services.py changed, reloading.
INFO 2025-08-06 12:40:46,781 autoreload 40060 36988 Watching for file changes with StatReloader
INFO 2025-08-06 12:43:40,145 autoreload 46888 37660 Watching for file changes with StatReloader
ERROR 2025-08-06 12:44:21,753 log 46888 15276 Internal Server Error: /api/v1/auth/login/
ERROR 2025-08-06 12:44:21,754 basehttp 46888 15276 "POST /api/v1/auth/login/ HTTP/1.1" 500 104
INFO 2025-08-06 12:46:44,339 autoreload 46888 37660 C:\cursor\smart-account\backend\domain\accounts\entities.py changed, reloading.
INFO 2025-08-06 12:46:47,075 autoreload 1228 40576 Watching for file changes with StatReloader
INFO 2025-08-06 12:47:14,142 autoreload 1228 40576 C:\cursor\smart-account\backend\domain\accounts\entities.py changed, reloading.
INFO 2025-08-06 12:47:16,643 autoreload 11700 44524 Watching for file changes with StatReloader
INFO 2025-08-06 12:48:09,142 autoreload 30152 48204 Watching for file changes with StatReloader
ERROR 2025-08-06 12:48:36,051 log 30152 41308 Internal Server Error: /api/v1/auth/login/
ERROR 2025-08-06 12:48:36,052 basehttp 30152 41308 "POST /api/v1/auth/login/ HTTP/1.1" 500 89
INFO 2025-08-06 12:51:07,600 autoreload 30152 48204 C:\cursor\smart-account\backend\application\accounts\use_cases.py changed, reloading.
INFO 2025-08-06 12:51:10,419 autoreload 16908 10952 Watching for file changes with StatReloader
INFO 2025-08-06 13:00:35,963 autoreload 44548 7224 Watching for file changes with StatReloader
ERROR 2025-08-06 13:00:56,298 log 44548 416 Internal Server Error: /api/v1/auth/login/
ERROR 2025-08-06 13:00:56,299 basehttp 44548 416 "POST /api/v1/auth/login/ HTTP/1.1" 500 61
INFO 2025-08-06 13:03:52,730 autoreload 44548 7224 C:\cursor\smart-account\backend\interfaces\api\views.py changed, reloading.
INFO 2025-08-06 13:03:55,408 autoreload 52484 41180 Watching for file changes with StatReloader
INFO 2025-08-06 13:04:29,739 autoreload 52484 41180 C:\cursor\smart-account\backend\interfaces\api\views.py changed, reloading.
INFO 2025-08-06 13:04:32,197 autoreload 31412 55120 Watching for file changes with StatReloader
INFO 2025-08-06 13:12:16,284 autoreload 31472 54328 Watching for file changes with StatReloader
INFO 2025-08-06 13:12:59,391 basehttp 31472 42724 "POST /api/v1/auth/login/ HTTP/1.1" 200 265
INFO 2025-08-06 13:14:14,775 basehttp 31472 42724 "POST /api/v1/auth/login/ HTTP/1.1" 200 265
INFO 2025-08-06 13:23:09,521 basehttp 31472 23368 "OPTIONS /api/v1/auth/register/ HTTP/1.1" 200 0
INFO 2025-08-06 13:23:10,457 basehttp 31472 23368 "POST /api/v1/auth/register/ HTTP/1.1" 201 202
INFO 2025-08-06 13:43:15,977 basehttp 31472 8064 "POST /api/v1/auth/login/ HTTP/1.1" 200 265
INFO 2025-08-06 13:47:18,172 basehttp 31472 8064 "POST /api/v1/auth/register/ HTTP/1.1" 201 202
INFO 2025-08-06 13:54:34,478 autoreload 31472 54328 C:\cursor\smart-account\backend\interfaces\api\serializers.py changed, reloading.
INFO 2025-08-06 13:54:37,298 autoreload 47768 43516 Watching for file changes with StatReloader
INFO 2025-08-06 13:55:45,315 autoreload 47768 43516 C:\cursor\smart-account\backend\interfaces\api\serializers.py changed, reloading.
INFO 2025-08-06 13:55:47,926 autoreload 6720 51232 Watching for file changes with StatReloader
INFO 2025-08-06 14:03:02,793 autoreload 8796 9472 Watching for file changes with StatReloader
INFO 2025-08-06 14:46:45,200 autoreload 46756 324 Watching for file changes with StatReloader
ERROR 2025-08-06 14:47:42,352 log 46756 40732 Internal Server Error: /api/v1/auth/register/
ERROR 2025-08-06 14:47:42,353 basehttp 46756 40732 "POST /api/v1/auth/register/ HTTP/1.1" 500 89
ERROR 2025-08-06 14:48:46,599 log 46756 40732 Internal Server Error: /api/v1/auth/register/
ERROR 2025-08-06 14:48:46,600 basehttp 46756 40732 "POST /api/v1/auth/register/ HTTP/1.1" 500 89
ERROR 2025-08-06 14:52:26,395 log 46756 40732 Internal Server Error: /api/v1/auth/register/
ERROR 2025-08-06 14:52:26,395 basehttp 46756 40732 "POST /api/v1/auth/register/ HTTP/1.1" 500 89
INFO 2025-08-06 15:02:48,326 autoreload 46756 324 C:\cursor\smart-account\backend\domain\common\entities.py changed, reloading.
INFO 2025-08-06 15:02:51,081 autoreload 51620 35980 Watching for file changes with StatReloader
INFO 2025-08-06 15:04:03,006 autoreload 51620 35980 C:\cursor\smart-account\backend\interfaces\api\views.py changed, reloading.
INFO 2025-08-06 15:04:05,688 autoreload 38040 36308 Watching for file changes with StatReloader
INFO 2025-08-06 15:05:15,420 autoreload 38040 36308 C:\cursor\smart-account\backend\interfaces\api\serializers.py changed, reloading.
INFO 2025-08-06 15:05:18,756 autoreload 37644 11900 Watching for file changes with StatReloader
INFO 2025-08-06 15:06:27,977 autoreload 37644 11900 C:\cursor\smart-account\backend\interfaces\api\urls.py changed, reloading.
INFO 2025-08-06 15:06:30,724 autoreload 3976 47432 Watching for file changes with StatReloader
INFO 2025-08-06 15:07:37,709 autoreload 3976 47432 C:\cursor\smart-account\backend\interfaces\api\urls.py changed, reloading.
INFO 2025-08-06 15:07:40,360 autoreload 2600 14532 Watching for file changes with StatReloader
INFO 2025-08-06 15:09:57,456 autoreload 2600 14532 C:\cursor\smart-account\backend\interfaces\api\views.py changed, reloading.
INFO 2025-08-06 15:10:00,184 autoreload 52944 7040 Watching for file changes with StatReloader
INFO 2025-08-06 16:01:59,951 basehttp 52944 41096 "POST /api/v1/auth/register/ HTTP/1.1" 201 203
INFO 2025-08-06 16:02:03,075 basehttp 52944 9180 "POST /api/v1/auth/register/ HTTP/1.1" 201 201
ERROR 2025-08-06 16:02:06,294 log 52944 25232 Internal Server Error: /api/v1/auth/login/
ERROR 2025-08-06 16:02:06,295 basehttp 52944 25232 "POST /api/v1/auth/login/ HTTP/1.1" 500 106
ERROR 2025-08-06 16:02:09,378 log 52944 10940 Internal Server Error: /api/v1/auth/login/
ERROR 2025-08-06 16:02:09,379 basehttp 52944 10940 "POST /api/v1/auth/login/ HTTP/1.1" 500 106
ERROR 2025-08-06 16:02:11,646 log 52944 45556 Internal Server Error: /api/v1/auth/password-reset/
Traceback (most recent call last):
  File "C:\cursor\smart-account\venv\Lib\site-packages\django\core\handlers\exception.py", line 55, in inner
    response = get_response(request)
               ^^^^^^^^^^^^^^^^^^^^^
  File "C:\cursor\smart-account\venv\Lib\site-packages\django\core\handlers\base.py", line 197, in _get_response
    response = wrapped_callback(request, *callback_args, **callback_kwargs)
               ^^^^^^^^^^^^^^^^^^^^^^^^^^^^^^^^^^^^^^^^^^^^^^^^^^^^^^^^^^^^
  File "C:\cursor\smart-account\venv\Lib\site-packages\django\views\decorators\csrf.py", line 56, in wrapper_view
    return view_func(*args, **kwargs)
           ^^^^^^^^^^^^^^^^^^^^^^^^^^
  File "C:\cursor\smart-account\venv\Lib\site-packages\django\views\generic\base.py", line 104, in view
    return self.dispatch(request, *args, **kwargs)
           ^^^^^^^^^^^^^^^^^^^^^^^^^^^^^^^^^^^^^^^
  File "C:\cursor\smart-account\venv\Lib\site-packages\rest_framework\views.py", line 509, in dispatch
    response = self.handle_exception(exc)
               ^^^^^^^^^^^^^^^^^^^^^^^^^^
  File "C:\cursor\smart-account\venv\Lib\site-packages\rest_framework\views.py", line 469, in handle_exception
    self.raise_uncaught_exception(exc)
  File "C:\cursor\smart-account\venv\Lib\site-packages\rest_framework\views.py", line 480, in raise_uncaught_exception
    raise exc
  File "C:\cursor\smart-account\venv\Lib\site-packages\rest_framework\views.py", line 506, in dispatch
    response = handler(request, *args, **kwargs)
               ^^^^^^^^^^^^^^^^^^^^^^^^^^^^^^^^^
  File "C:\cursor\smart-account\backend\interfaces\api\views.py", line 208, in post
    serializer = PasswordResetRequestSerializer(data=request.data)
                 ^^^^^^^^^^^^^^^^^^^^^^^^^^^^^^
NameError: name 'PasswordResetRequestSerializer' is not defined
ERROR 2025-08-06 16:02:11,683 basehttp 52944 45556 "POST /api/v1/auth/password-reset/ HTTP/1.1" 500 119363
INFO 2025-08-06 16:07:22,536 autoreload 52944 7040 C:\cursor\smart-account\backend\smart_accounts\settings\development.py changed, reloading.
INFO 2025-08-06 16:07:28,229 autoreload 38720 30556 Watching for file changes with StatReloader
INFO 2025-08-06 16:12:22,102 autoreload 30172 38584 Watching for file changes with StatReloader
INFO 2025-08-06 16:23:26,450 basehttp 30172 11788 "OPTIONS /api/v1/auth/register/ HTTP/1.1" 200 0
ERROR 2025-08-06 16:23:28,283 log 30172 11788 Internal Server Error: /api/v1/auth/register/
ERROR 2025-08-06 16:23:28,284 basehttp 30172 11788 "POST /api/v1/auth/register/ HTTP/1.1" 500 107
INFO 2025-08-06 16:30:03,369 autoreload 45068 3100 Watching for file changes with StatReloader
INFO 2025-08-06 16:31:39,606 autoreload 21604 40856 Watching for file changes with StatReloader
INFO 2025-08-06 16:32:48,506 basehttp 21604 24204 "POST /api/v1/auth/register/ HTTP/1.1" 201 203
INFO 2025-08-06 16:32:51,750 basehttp 21604 39932 "POST /api/v1/auth/register/ HTTP/1.1" 201 201
INFO 2025-08-06 16:32:55,625 basehttp 21604 42192 "POST /api/v1/auth/login/ HTTP/1.1" 200 262
INFO 2025-08-06 16:32:58,818 basehttp 21604 4520 "POST /api/v1/auth/login/ HTTP/1.1" 200 270
ERROR 2025-08-06 16:33:00,975 log 21604 14216 Internal Server Error: /api/v1/auth/password-reset/
Traceback (most recent call last):
  File "C:\cursor\smart-account\venv\Lib\site-packages\django\core\handlers\exception.py", line 55, in inner
    response = get_response(request)
               ^^^^^^^^^^^^^^^^^^^^^
  File "C:\cursor\smart-account\venv\Lib\site-packages\django\core\handlers\base.py", line 197, in _get_response
    response = wrapped_callback(request, *callback_args, **callback_kwargs)
               ^^^^^^^^^^^^^^^^^^^^^^^^^^^^^^^^^^^^^^^^^^^^^^^^^^^^^^^^^^^^
  File "C:\cursor\smart-account\venv\Lib\site-packages\django\views\decorators\csrf.py", line 56, in wrapper_view
    return view_func(*args, **kwargs)
           ^^^^^^^^^^^^^^^^^^^^^^^^^^
  File "C:\cursor\smart-account\venv\Lib\site-packages\django\views\generic\base.py", line 104, in view
    return self.dispatch(request, *args, **kwargs)
           ^^^^^^^^^^^^^^^^^^^^^^^^^^^^^^^^^^^^^^^
  File "C:\cursor\smart-account\venv\Lib\site-packages\rest_framework\views.py", line 509, in dispatch
    response = self.handle_exception(exc)
               ^^^^^^^^^^^^^^^^^^^^^^^^^^
  File "C:\cursor\smart-account\venv\Lib\site-packages\rest_framework\views.py", line 469, in handle_exception
    self.raise_uncaught_exception(exc)
  File "C:\cursor\smart-account\venv\Lib\site-packages\rest_framework\views.py", line 480, in raise_uncaught_exception
    raise exc
  File "C:\cursor\smart-account\venv\Lib\site-packages\rest_framework\views.py", line 506, in dispatch
    response = handler(request, *args, **kwargs)
               ^^^^^^^^^^^^^^^^^^^^^^^^^^^^^^^^^
  File "C:\cursor\smart-account\backend\interfaces\api\views.py", line 208, in post
    serializer = PasswordResetRequestSerializer(data=request.data)
                 ^^^^^^^^^^^^^^^^^^^^^^^^^^^^^^
NameError: name 'PasswordResetRequestSerializer' is not defined
ERROR 2025-08-06 16:33:01,011 basehttp 21604 14216 "POST /api/v1/auth/password-reset/ HTTP/1.1" 500 119362
INFO 2025-08-06 16:35:32,257 basehttp 21604 46764 "POST /api/v1/auth/register/ HTTP/1.1" 201 203
INFO 2025-08-06 16:35:35,440 basehttp 21604 51068 "POST /api/v1/auth/register/ HTTP/1.1" 201 201
INFO 2025-08-06 16:35:38,457 basehttp 21604 7608 "POST /api/v1/auth/login/ HTTP/1.1" 200 262
INFO 2025-08-06 16:35:41,472 basehttp 21604 49360 "POST /api/v1/auth/login/ HTTP/1.1" 200 270
INFO 2025-08-06 16:35:44,507 basehttp 21604 3032 "POST /api/v1/auth/register/ HTTP/1.1" 201 198
ERROR 2025-08-06 16:35:46,610 log 21604 30768 Internal Server Error: /api/v1/auth/password-reset/
Traceback (most recent call last):
  File "C:\cursor\smart-account\venv\Lib\site-packages\django\core\handlers\exception.py", line 55, in inner
    response = get_response(request)
               ^^^^^^^^^^^^^^^^^^^^^
  File "C:\cursor\smart-account\venv\Lib\site-packages\django\core\handlers\base.py", line 197, in _get_response
    response = wrapped_callback(request, *callback_args, **callback_kwargs)
               ^^^^^^^^^^^^^^^^^^^^^^^^^^^^^^^^^^^^^^^^^^^^^^^^^^^^^^^^^^^^
  File "C:\cursor\smart-account\venv\Lib\site-packages\django\views\decorators\csrf.py", line 56, in wrapper_view
    return view_func(*args, **kwargs)
           ^^^^^^^^^^^^^^^^^^^^^^^^^^
  File "C:\cursor\smart-account\venv\Lib\site-packages\django\views\generic\base.py", line 104, in view
    return self.dispatch(request, *args, **kwargs)
           ^^^^^^^^^^^^^^^^^^^^^^^^^^^^^^^^^^^^^^^
  File "C:\cursor\smart-account\venv\Lib\site-packages\rest_framework\views.py", line 509, in dispatch
    response = self.handle_exception(exc)
               ^^^^^^^^^^^^^^^^^^^^^^^^^^
  File "C:\cursor\smart-account\venv\Lib\site-packages\rest_framework\views.py", line 469, in handle_exception
    self.raise_uncaught_exception(exc)
  File "C:\cursor\smart-account\venv\Lib\site-packages\rest_framework\views.py", line 480, in raise_uncaught_exception
    raise exc
  File "C:\cursor\smart-account\venv\Lib\site-packages\rest_framework\views.py", line 506, in dispatch
    response = handler(request, *args, **kwargs)
               ^^^^^^^^^^^^^^^^^^^^^^^^^^^^^^^^^
  File "C:\cursor\smart-account\backend\interfaces\api\views.py", line 208, in post
    serializer = PasswordResetRequestSerializer(data=request.data)
                 ^^^^^^^^^^^^^^^^^^^^^^^^^^^^^^
NameError: name 'PasswordResetRequestSerializer' is not defined
ERROR 2025-08-06 16:35:46,641 basehttp 21604 30768 "POST /api/v1/auth/password-reset/ HTTP/1.1" 500 119361
INFO 2025-08-06 16:36:42,379 autoreload 21604 40856 C:\cursor\smart-account\backend\interfaces\api\views.py changed, reloading.
INFO 2025-08-06 16:36:45,768 autoreload 20236 36404 Watching for file changes with StatReloader
INFO 2025-08-06 16:36:55,736 basehttp 20236 13960 "POST /api/v1/auth/register/ HTTP/1.1" 201 203
INFO 2025-08-06 16:36:58,947 basehttp 20236 41552 "POST /api/v1/auth/register/ HTTP/1.1" 201 201
INFO 2025-08-06 16:37:02,394 basehttp 20236 12696 "POST /api/v1/auth/login/ HTTP/1.1" 200 262
INFO 2025-08-06 16:37:05,361 basehttp 20236 44568 "POST /api/v1/auth/login/ HTTP/1.1" 200 270
INFO 2025-08-06 16:37:08,445 basehttp 20236 14256 "POST /api/v1/auth/register/ HTTP/1.1" 201 198
ERROR 2025-08-06 16:37:10,617 log 20236 51352 Internal Server Error: /api/v1/auth/password-reset/
Traceback (most recent call last):
  File "C:\cursor\smart-account\venv\Lib\site-packages\django\core\handlers\exception.py", line 55, in inner
    response = get_response(request)
               ^^^^^^^^^^^^^^^^^^^^^
  File "C:\cursor\smart-account\venv\Lib\site-packages\django\core\handlers\base.py", line 197, in _get_response
    response = wrapped_callback(request, *callback_args, **callback_kwargs)
               ^^^^^^^^^^^^^^^^^^^^^^^^^^^^^^^^^^^^^^^^^^^^^^^^^^^^^^^^^^^^
  File "C:\cursor\smart-account\venv\Lib\site-packages\django\views\decorators\csrf.py", line 56, in wrapper_view
    return view_func(*args, **kwargs)
           ^^^^^^^^^^^^^^^^^^^^^^^^^^
  File "C:\cursor\smart-account\venv\Lib\site-packages\django\views\generic\base.py", line 104, in view
    return self.dispatch(request, *args, **kwargs)
           ^^^^^^^^^^^^^^^^^^^^^^^^^^^^^^^^^^^^^^^
  File "C:\cursor\smart-account\venv\Lib\site-packages\rest_framework\views.py", line 509, in dispatch
    response = self.handle_exception(exc)
               ^^^^^^^^^^^^^^^^^^^^^^^^^^
  File "C:\cursor\smart-account\venv\Lib\site-packages\rest_framework\views.py", line 469, in handle_exception
    self.raise_uncaught_exception(exc)
  File "C:\cursor\smart-account\venv\Lib\site-packages\rest_framework\views.py", line 480, in raise_uncaught_exception
    raise exc
  File "C:\cursor\smart-account\venv\Lib\site-packages\rest_framework\views.py", line 506, in dispatch
    response = handler(request, *args, **kwargs)
               ^^^^^^^^^^^^^^^^^^^^^^^^^^^^^^^^^
  File "C:\cursor\smart-account\backend\interfaces\api\views.py", line 208, in post
    serializer = PasswordResetRequestSerializer(data=request.data)
                 ^^^^^^^^^^^^^^^^^^^^^^^^^^^^^^
NameError: name 'PasswordResetRequestSerializer' is not defined
ERROR 2025-08-06 16:37:10,657 basehttp 20236 51352 "POST /api/v1/auth/password-reset/ HTTP/1.1" 500 119362
INFO 2025-08-06 16:37:33,040 autoreload 20236 36404 C:\cursor\smart-account\backend\interfaces\api\views.py changed, reloading.
INFO 2025-08-06 16:37:35,777 autoreload 43368 32912 Watching for file changes with StatReloader
WARNING 2025-08-06 16:50:23,141 log 43368 11556 Bad Request: /api/v1/auth/register/
WARNING 2025-08-06 16:50:23,142 basehttp 43368 11556 "POST /api/v1/auth/register/ HTTP/1.1" 400 117
WARNING 2025-08-06 16:54:01,791 log 43368 31932 Bad Request: /api/v1/auth/register/
WARNING 2025-08-06 16:54:01,792 basehttp 43368 31932 "POST /api/v1/auth/register/ HTTP/1.1" 400 117
INFO 2025-08-06 17:01:04,039 basehttp 43368 40664 "POST /api/v1/auth/register/ HTTP/1.1" 201 202
INFO 2025-08-06 17:02:32,289 basehttp 43368 52968 "POST /api/v1/auth/login/ HTTP/1.1" 200 265
INFO 2025-08-06 18:48:48,586 autoreload 36568 45428 Watching for file changes with StatReloader
INFO 2025-08-06 18:49:30,709 basehttp 36568 29244 "OPTIONS /api/v1/auth/register/ HTTP/1.1" 200 0
WARNING 2025-08-06 18:49:31,317 log 36568 29244 Bad Request: /api/v1/auth/register/
WARNING 2025-08-06 18:49:31,318 basehttp 36568 29244 "POST /api/v1/auth/register/ HTTP/1.1" 400 117
INFO 2025-08-06 18:55:17,102 basehttp 36568 45328 "POST /api/v1/auth/register/ HTTP/1.1" 201 202
INFO 2025-08-06 18:55:38,445 basehttp 36568 11912 "POST /api/v1/auth/register/ HTTP/1.1" 201 200
WARNING 2025-08-06 18:55:40,580 log 36568 15100 Bad Request: /api/v1/auth/register/
WARNING 2025-08-06 18:55:40,581 basehttp 36568 15100 "POST /api/v1/auth/register/ HTTP/1.1" 400 117
WARNING 2025-08-06 18:55:42,717 log 36568 26804 Bad Request: /api/v1/auth/register/
WARNING 2025-08-06 18:55:42,718 basehttp 36568 26804 "POST /api/v1/auth/register/ HTTP/1.1" 400 113
WARNING 2025-08-06 18:55:44,863 log 36568 54692 Bad Request: /api/v1/auth/register/
WARNING 2025-08-06 18:55:44,864 basehttp 36568 54692 "POST /api/v1/auth/register/ HTTP/1.1" 400 113
ERROR 2025-08-06 19:28:23,769 log 36568 19340 Internal Server Error: /api/v1/auth/login/
ERROR 2025-08-06 19:28:23,770 basehttp 36568 19340 "POST /api/v1/auth/login/ HTTP/1.1" 500 71
INFO 2025-08-06 19:40:41,221 basehttp 36568 31932 "POST /api/v1/auth/register/ HTTP/1.1" 201 202
INFO 2025-08-06 19:40:44,246 basehttp 36568 12152 "POST /api/v1/auth/login/ HTTP/1.1" 200 265
ERROR 2025-08-06 19:40:46,316 log 36568 51492 Internal Server Error: /api/v1/auth/verify-email/
ERROR 2025-08-06 19:40:46,317 basehttp 36568 51492 "POST /api/v1/auth/verify-email/ HTTP/1.1" 500 96
INFO 2025-08-06 19:41:51,351 autoreload 47956 45760 Watching for file changes with StatReloader
WARNING 2025-08-06 19:42:26,355 log 47956 34152 Bad Request: /api/v1/auth/register/
WARNING 2025-08-06 19:42:26,356 basehttp 47956 34152 "POST /api/v1/auth/register/ HTTP/1.1" 400 117
INFO 2025-08-06 19:56:15,494 basehttp 47956 29080 "POST /api/v1/auth/register/ HTTP/1.1" 201 202
INFO 2025-08-06 19:56:18,297 basehttp 47956 21208 "POST /api/v1/auth/login/ HTTP/1.1" 200 265
INFO 2025-08-06 19:56:44,433 basehttp 47956 21924 "OPTIONS /api/v1/auth/login/ HTTP/1.1" 200 0
INFO 2025-08-06 19:56:45,219 basehttp 47956 21924 "POST /api/v1/auth/login/ HTTP/1.1" 200 265
WARNING 2025-08-06 19:58:24,697 log 47956 21924 Bad Request: /api/v1/auth/register/
WARNING 2025-08-06 19:58:24,698 basehttp 47956 21924 "POST /api/v1/auth/register/ HTTP/1.1" 400 137
INFO 2025-08-06 21:03:53,513 autoreload 3160 21452 Watching for file changes with StatReloader
INFO 2025-08-06 21:04:37,778 basehttp 3160 37544 "OPTIONS /api/v1/auth/register/ HTTP/1.1" 200 0
WARNING 2025-08-06 21:04:38,430 log 3160 37544 Bad Request: /api/v1/auth/register/
WARNING 2025-08-06 21:04:38,431 basehttp 3160 37544 "POST /api/v1/auth/register/ HTTP/1.1" 400 137
WARNING 2025-08-06 21:07:58,586 log 3160 37544 Bad Request: /api/v1/auth/register/
WARNING 2025-08-06 21:07:58,592 basehttp 3160 37544 "POST /api/v1/auth/register/ HTTP/1.1" 400 137
INFO 2025-08-06 21:10:11,796 basehttp 3160 25064 "POST /api/v1/auth/register/ HTTP/1.1" 201 202
WARNING 2025-08-06 21:17:54,050 log 3160 13768 Bad Request: /api/v1/auth/register/
WARNING 2025-08-06 21:17:54,051 basehttp 3160 13768 "POST /api/v1/auth/register/ HTTP/1.1" 400 117
INFO 2025-08-06 21:17:57,327 basehttp 3160 51884 "POST /api/v1/auth/register/ HTTP/1.1" 201 198
INFO 2025-08-06 21:23:49,026 basehttp 3160 51248 "POST /api/v1/auth/register/ HTTP/1.1" 201 202
WARNING 2025-08-06 21:54:07,467 log 3160 45104 Bad Request: /api/v1/auth/register/
WARNING 2025-08-06 21:54:07,468 basehttp 3160 45104 "POST /api/v1/auth/register/ HTTP/1.1" 400 117
WARNING 2025-08-06 21:58:43,272 log 3160 54044 Method Not Allowed: /api/v1/auth/register/
WARNING 2025-08-06 21:58:43,274 basehttp 3160 54044 "GET /api/v1/auth/register/ HTTP/1.1" 405 19500
INFO 2025-08-06 21:58:43,318 basehttp 3160 15132 "GET /static/rest_framework/css/bootstrap-tweaks.css HTTP/1.1" 200 3385
INFO 2025-08-06 21:58:43,321 basehttp 3160 31036 "GET /static/rest_framework/css/prettify.css HTTP/1.1" 200 817
INFO 2025-08-06 21:58:43,326 basehttp 3160 54044 "GET /static/rest_framework/css/bootstrap.min.css HTTP/1.1" 200 121457
INFO 2025-08-06 21:58:43,342 basehttp 3160 15132 "GET /static/rest_framework/css/default.css HTTP/1.1" 200 1152
INFO 2025-08-06 21:58:43,346 basehttp 3160 31036 "GET /static/debug_toolbar/css/toolbar.css HTTP/1.1" 200 12621
INFO 2025-08-06 21:58:43,382 basehttp 3160 31036 "GET /static/rest_framework/js/csrf.js HTTP/1.1" 200 1719
INFO 2025-08-06 21:58:43,390 basehttp 3160 15132 "GET /static/rest_framework/js/ajax-form.js HTTP/1.1" 200 3597
INFO 2025-08-06 21:58:43,459 basehttp 3160 15132 "GET /static/rest_framework/js/prettify-min.js HTTP/1.1" 200 13632
INFO 2025-08-06 21:58:43,466 basehttp 3160 31036 "GET /static/rest_framework/js/bootstrap.min.js HTTP/1.1" 200 39680
INFO 2025-08-06 21:58:43,494 basehttp 3160 54044 "GET /static/rest_framework/js/jquery-3.5.1.min.js HTTP/1.1" 200 89476
INFO 2025-08-06 21:58:43,505 basehttp 3160 15132 "GET /static/rest_framework/js/default.js HTTP/1.1" 200 1268
INFO 2025-08-06 21:58:43,520 basehttp 3160 54044 "GET /static/rest_framework/img/grid.png HTTP/1.1" 200 1458
INFO 2025-08-06 21:58:43,523 basehttp 3160 31036 "GET /static/debug_toolbar/js/toolbar.js HTTP/1.1" 200 13404
INFO 2025-08-06 21:58:43,557 basehttp 3160 31036 "GET /static/debug_toolbar/css/print.css HTTP/1.1" 200 43
INFO 2025-08-06 21:58:43,593 basehttp 3160 54044 "GET /static/debug_toolbar/js/utils.js HTTP/1.1" 200 4527
WARNING 2025-08-06 21:58:43,711 log 3160 54044 Not Found: /favicon.ico
WARNING 2025-08-06 21:58:43,712 basehttp 3160 54044 "GET /favicon.ico HTTP/1.1" 404 12451
WARNING 2025-08-06 21:59:30,973 log 3160 54044 Bad Request: /api/v1/auth/register/
WARNING 2025-08-06 21:59:30,975 basehttp 3160 54044 "POST /api/v1/auth/register/ HTTP/1.1" 400 19645
INFO 2025-08-06 21:59:31,194 basehttp 3160 54044 "GET /__debug__/history_sidebar/?store_id=6dfb6a8bb45e4944bee9a2f946a49b3b HTTP/1.1" 200 9107
INFO 2025-08-06 21:59:50,179 basehttp 3160 14944 "OPTIONS /api/v1/auth/login/ HTTP/1.1" 200 0
INFO 2025-08-06 21:59:50,912 basehttp 3160 14944 "POST /api/v1/auth/login/ HTTP/1.1" 200 273
INFO 2025-08-06 22:00:01,559 basehttp 3160 14944 "POST /api/v1/auth/login/ HTTP/1.1" 200 273
INFO 2025-08-06 22:00:42,927 basehttp 3160 14944 "POST /api/v1/auth/register/ HTTP/1.1" 201 202
INFO 2025-08-06 22:00:47,984 basehttp 3160 14944 "POST /api/v1/auth/login/ HTTP/1.1" 200 261
ERROR 2025-08-06 22:12:51,346 log 3160 20128 Internal Server Error: /api/v1/auth/login/
ERROR 2025-08-06 22:12:51,381 basehttp 3160 20128 "POST /api/v1/auth/login/ HTTP/1.1" 500 71
INFO 2025-08-06 22:13:36,520 basehttp 3160 20128 "POST /api/v1/auth/register/ HTTP/1.1" 201 202
INFO 2025-08-06 22:13:45,479 basehttp 3160 20128 "POST /api/v1/auth/login/ HTTP/1.1" 200 273
INFO 2025-08-06 22:14:25,237 basehttp 3160 20128 "POST /api/v1/auth/register/ HTTP/1.1" 201 202
INFO 2025-08-06 22:14:28,479 basehttp 3160 20128 "POST /api/v1/auth/login/ HTTP/1.1" 200 261
